<?xml version="1.0" encoding="utf-8"?>
<TestRun id="9a91b092-dc6e-4584-ac37-82e6fd214c6a" name="@192 2020-11-14 23:53:49" xmlns="http://microsoft.com/schemas/VisualStudio/TeamTest/2010">
  <Times creation="2020-11-14T23:53:49.5897860+01:00" queuing="2020-11-14T23:53:49.5897860+01:00" start="2020-11-14T23:53:47.8562660+01:00" finish="2020-11-14T23:53:49.5957320+01:00" />
  <TestSettings name="default" id="32fe9d82-45ea-4d71-a85a-090988c739ae">
    <Deployment runDeploymentRoot="_192_2020-11-14_23_53_49" />
  </TestSettings>
  <Results>
    <UnitTestResult executionId="b54924b0-fbde-4857-aa13-f036e0890922" testId="1fdd6013-8c07-4248-89c1-9307160fedd8" testName="GameEngine.Tests.BossEnemyShould.HaveCorrectPower" computerName="192" duration="00:00:00.0056313" startTime="2020-11-14T23:53:49.3827030+01:00" endTime="2020-11-14T23:53:49.3827850+01:00" testType="13cdc9d9-ddb5-4fa4-a97d-d965ccfc6d4b" outcome="Passed" testListId="8c84fa94-04c1-424b-9868-57a2d4851a1d" relativeResultsDirectory="b54924b0-fbde-4857-aa13-f036e0890922">
      <Output>
        <StdOut>Creating Boss Enemy</StdOut>
      </Output>
    </UnitTestResult>
  </Results>
  <TestDefinitions>
    <UnitTest name="GameEngine.Tests.BossEnemyShould.HaveCorrectPower" storage="/users/qing.ma/code/plural-sight/psxunit.netgettingstarted/02/demos/before/01addingtestproject/gameengine.tests/bin/debug/net5.0/gameengine.tests.dll" id="1fdd6013-8c07-4248-89c1-9307160fedd8">
      <Execution id="b54924b0-fbde-4857-aa13-f036e0890922" />
      <TestMethod codeBase="/Users/qing.ma/code/plural-sight/PSxUnit.netGettingStarted/02/demos/before/01AddingTestProject/GameEngine.Tests/bin/Debug/net5.0/GameEngine.Tests.dll" adapterTypeName="executor://xunit/VsTestRunner2/netcoreapp" className="GameEngine.Tests.BossEnemyShould" name="HaveCorrectPower" />
    </UnitTest>
  </TestDefinitions>
  <TestEntries>
    <TestEntry testId="1fdd6013-8c07-4248-89c1-9307160fedd8" executionId="b54924b0-fbde-4857-aa13-f036e0890922" testListId="8c84fa94-04c1-424b-9868-57a2d4851a1d" />
  </TestEntries>
  <TestLists>
    <TestList name="Results Not in a List" id="8c84fa94-04c1-424b-9868-57a2d4851a1d" />
    <TestList name="All Loaded Results" id="19431567-8539-422a-85d7-44ee4e166bda" />
  </TestLists>
  <ResultSummary outcome="Completed">
    <Counters total="1" executed="1" passed="1" failed="0" error="0" timeout="0" aborted="0" inconclusive="0" passedButRunAborted="0" notRunnable="0" notExecuted="0" disconnected="0" warning="0" completed="0" inProgress="0" pending="0" />
    <Output>
      <StdOut>[xUnit.net 00:00:00.00] xUnit.net VSTest Adapter v2.4.3+1b45f5407b (64-bit .NET 5.0.0)
[xUnit.net 00:00:00.67]   Discovering: GameEngine.Tests
[xUnit.net 00:00:00.72]   Discovered:  GameEngine.Tests
[xUnit.net 00:00:00.72]   Starting:    GameEngine.Tests
[xUnit.net 00:00:00.80]   Finished:    GameEngine.Tests
</StdOut>
    </Output>
  </ResultSummary>
</TestRun>